# JRE version: OpenJDK Runtime Environment Zulu15.29+15-CA (15.0.2+7) (build 15.0.2+7)
# Java VM: OpenJDK 64-Bit Server VM Zulu15.29+15-CA (15.0.2+7, mixed mode, tiered, compressed oops, g1 gc, bsd-aarch64)
GC Precious Log:
 CPUs: 8 total, 8 available
 Memory: 16384M
 Large Page Support: Disabled
 NUMA Support: Disabled
 Compressed Oops: Enabled (Zero based)
 Heap Region Size: 1M
 Heap Min Capacity: 8M
 Heap Initial Capacity: 256M
 Heap Max Capacity: 512M
 Pre-touch: Disabled
 Parallel Workers: 8
 Concurrent Workers: 2
 Concurrent Refinement Workers: 8
 Periodic GC: Disabled
Heap:
 garbage-first heap   total 49152K, used 38964K [0x00000007a0000000, 0x00000007c0000000)
  region size 1024K, 28 young (28672K), 2 survivors (2048K)
 Metaspace       used 30388K, capacity 30861K, committed 31088K, reserved 1077248K
  class space    used 3284K, capacity 3419K, committed 3440K, reserved 1048576K
GC Heap History (18 events):
Event: 5.282 GC heap before
{Heap before GC invocations=0 (full 0):
 garbage-first heap   total 262144K, used 22528K [0x00000007a0000000, 0x00000007c0000000)
  region size 1024K, 23 young (23552K), 0 survivors (0K)
 Metaspace       used 9724K, capacity 9943K, committed 9984K, reserved 1058816K
  class space    used 902K, capacity 989K, committed 1024K, reserved 1048576K
}
Event: 5.285 GC heap after
{Heap after GC invocations=1 (full 0):
 garbage-first heap   total 262144K, used 6461K [0x00000007a0000000, 0x00000007c0000000)
  region size 1024K, 3 young (3072K), 3 survivors (3072K)
 Metaspace       used 9724K, capacity 9943K, committed 9984K, reserved 1058816K
  class space    used 902K, capacity 989K, committed 1024K, reserved 1048576K
}
Event: 5.457 GC heap before
{Heap before GC invocations=1 (full 0):
 garbage-first heap   total 262144K, used 35133K [0x00000007a0000000, 0x00000007c0000000)
  region size 1024K, 31 young (31744K), 3 survivors (3072K)
 Metaspace       used 14254K, capacity 14587K, committed 14720K, reserved 1062912K
  class space    used 1428K, capacity 1548K, committed 1664K, reserved 1048576K
}
Event: 5.460 GC heap after
{Heap after GC invocations=2 (full 0):
 garbage-first heap   total 262144K, used 8521K [0x00000007a0000000, 0x00000007c0000000)
  region size 1024K, 2 young (2048K), 2 survivors (2048K)
 Metaspace       used 14254K, capacity 14587K, committed 14720K, reserved 1062912K
  class space    used 1428K, capacity 1548K, committed 1664K, reserved 1048576K
}
Event: 5.872 GC heap before
{Heap before GC invocations=2 (full 0):
 garbage-first heap   total 262144K, used 116041K [0x00000007a0000000, 0x00000007c0000000)
  region size 1024K, 108 young (110592K), 2 survivors (2048K)
 Metaspace       used 20893K, capacity 21212K, committed 21248K, reserved 1069056K
  class space    used 2219K, capacity 2296K, committed 2304K, reserved 1048576K
}
Event: 5.875 GC heap after
{Heap after GC invocations=3 (full 0):
 garbage-first heap   total 262144K, used 10487K [0x00000007a0000000, 0x00000007c0000000)
  region size 1024K, 4 young (4096K), 4 survivors (4096K)
 Metaspace       used 20893K, capacity 21212K, committed 21248K, reserved 1069056K
  class space    used 2219K, capacity 2296K, committed 2304K, reserved 1048576K
}
Event: 5.966 GC heap before
{Heap before GC invocations=4 (full 0):
 garbage-first heap   total 45056K, used 44279K [0x00000007a0000000, 0x00000007c0000000)
  region size 1024K, 37 young (37888K), 4 survivors (4096K)
 Metaspace       used 22751K, capacity 23084K, committed 23408K, reserved 1071104K
  class space    used 2446K, capacity 2557K, committed 2672K, reserved 1048576K
}
Event: 5.969 GC heap after
{Heap after GC invocations=5 (full 0):
 garbage-first heap   total 49152K, used 10900K [0x00000007a0000000, 0x00000007c0000000)
  region size 1024K, 4 young (4096K), 4 survivors (4096K)
 Metaspace       used 22751K, capacity 23084K, committed 23408K, reserved 1071104K
  class space    used 2446K, capacity 2557K, committed 2672K, reserved 1048576K
}
Event: 6.036 GC heap before
{Heap before GC invocations=5 (full 0):
 garbage-first heap   total 49152K, used 34452K [0x00000007a0000000, 0x00000007c0000000)
  region size 1024K, 27 young (27648K), 4 survivors (4096K)
 Metaspace       used 24687K, capacity 25086K, committed 25328K, reserved 1071104K
  class space    used 2646K, capacity 2755K, committed 2800K, reserved 1048576K
}
Event: 6.039 GC heap after
{Heap after GC invocations=6 (full 0):
 garbage-first heap   total 49152K, used 11566K [0x00000007a0000000, 0x00000007c0000000)
  region size 1024K, 2 young (2048K), 2 survivors (2048K)
 Metaspace       used 24687K, capacity 25086K, committed 25328K, reserved 1071104K
  class space    used 2646K, capacity 2755K, committed 2800K, reserved 1048576K
}
Event: 6.129 GC heap before
{Heap before GC invocations=6 (full 0):
 garbage-first heap   total 49152K, used 35118K [0x00000007a0000000, 0x00000007c0000000)
  region size 1024K, 25 young (25600K), 2 survivors (2048K)
 Metaspace       used 26347K, capacity 26722K, committed 26864K, reserved 1073152K
  class space    used 2891K, capacity 3022K, committed 3056K, reserved 1048576K
}
Event: 6.131 GC heap after
{Heap after GC invocations=7 (full 0):
 garbage-first heap   total 49152K, used 11993K [0x00000007a0000000, 0x00000007c0000000)
  region size 1024K, 2 young (2048K), 2 survivors (2048K)
 Metaspace       used 26347K, capacity 26722K, committed 26864K, reserved 1073152K
  class space    used 2891K, capacity 3022K, committed 3056K, reserved 1048576K
}
Event: 6.164 GC heap before
{Heap before GC invocations=7 (full 0):
 garbage-first heap   total 49152K, used 35545K [0x00000007a0000000, 0x00000007c0000000)
  region size 1024K, 26 young (26624K), 2 survivors (2048K)
 Metaspace       used 27545K, capacity 27981K, committed 28016K, reserved 1075200K
  class space    used 3025K, capacity 3163K, committed 3184K, reserved 1048576K
}
Event: 6.165 GC heap after
{Heap after GC invocations=8 (full 0):
 garbage-first heap   total 49152K, used 12237K [0x00000007a0000000, 0x00000007c0000000)
  region size 1024K, 2 young (2048K), 2 survivors (2048K)
 Metaspace       used 27545K, capacity 27981K, committed 28016K, reserved 1075200K
  class space    used 3025K, capacity 3163K, committed 3184K, reserved 1048576K
}
Event: 6.188 GC heap before
{Heap before GC invocations=8 (full 0):
 garbage-first heap   total 49152K, used 36813K [0x00000007a0000000, 0x00000007c0000000)
  region size 1024K, 27 young (27648K), 2 survivors (2048K)
 Metaspace       used 28463K, capacity 28909K, committed 29168K, reserved 1075200K
  class space    used 3109K, capacity 3259K, committed 3312K, reserved 1048576K
}
Event: 6.189 GC heap after
{Heap after GC invocations=9 (full 0):
 garbage-first heap   total 49152K, used 12742K [0x00000007a0000000, 0x00000007c0000000)
  region size 1024K, 3 young (3072K), 3 survivors (3072K)
 Metaspace       used 28463K, capacity 28909K, committed 29168K, reserved 1075200K
  class space    used 3109K, capacity 3259K, committed 3312K, reserved 1048576K
}
Event: 6.214 GC heap before
{Heap before GC invocations=9 (full 0):
 garbage-first heap   total 49152K, used 36294K [0x00000007a0000000, 0x00000007c0000000)
  region size 1024K, 27 young (27648K), 3 survivors (3072K)
 Metaspace       used 29420K, capacity 29901K, committed 30064K, reserved 1075200K
  class space    used 3202K, capacity 3355K, committed 3440K, reserved 1048576K
}
Event: 6.216 GC heap after
{Heap after GC invocations=10 (full 0):
 garbage-first heap   total 49152K, used 12340K [0x00000007a0000000, 0x00000007c0000000)
  region size 1024K, 2 young (2048K), 2 survivors (2048K)
 Metaspace       used 29420K, capacity 29901K, committed 30064K, reserved 1075200K
  class space    used 3202K, capacity 3355K, committed 3440K, reserved 1048576K
}

